[debug] [2026-06-28T12:25:22.016Z] ----------------------------------------------------------------------
[debug] [2026-06-28T12:25:22.018Z] Command:       D:\Tools\Node\node.exe C:\Users\AdminLocal\AppData\Roaming\npm\node_modules\firebase-tools\lib\bin\firebase.js init
[debug] [2026-06-28T12:25:22.018Z] CLI Version:   15.22.3
[debug] [2026-06-28T12:25:22.018Z] Platform:      win32
[debug] [2026-06-28T12:25:22.018Z] Node Version:  v22.20.0
[debug] [2026-06-28T12:25:22.019Z] Detected Agent: unknown
[debug] [2026-06-28T12:25:22.019Z] Time:          Sun Jun 28 2026 14:25:22 GMT+0200 (Central European Summer Time)
[debug] [2026-06-28T12:25:22.019Z] ----------------------------------------------------------------------
[debug] 
[debug] [2026-06-28T12:25:22.022Z] >>> [apiv2][query] GET https://firebase-public.firebaseio.com/cli.json [none]
[info] 
     ######## #### ########  ######## ########     ###     ######  ########
     ##        ##  ##     ## ##       ##     ##  ##   ##  ##       ##
     ######    ##  ########  ######   ########  #########  ######  ######
     ##        ##  ##    ##  ##       ##     ## ##     ##       ## ##
     ##       #### ##     ## ######## ########  ##     ##  ######  ########

You're about to initialize a Firebase project in this directory:

  D:\work\golfeto_apps\golfeto-admin

[debug] [2026-06-28T12:25:51.774Z] <<< [apiv2][status] GET https://firebase-public.firebaseio.com/cli.json 200
[debug] [2026-06-28T12:25:51.774Z] <<< [apiv2][body] GET https://firebase-public.firebaseio.com/cli.json {"cloudBuildErrorAfter":1594252800000,"cloudBuildWarnAfter":1590019200000,"defaultNode10After":1594252800000,"minVersion":"3.0.5","node8DeploysDisabledAfter":1613390400000,"node8RuntimeDisabledAfter":1615809600000,"node8WarnAfter":1600128000000}
[info] 
=== Project Setup
[info] 
[info] First, let's associate this project directory with a Firebase project.
[info] You can create multiple project aliases by running firebase use --add, 
[info] 
[debug] [2026-06-28T12:26:55.392Z] > command requires scopes: ["email","openid","https://www.googleapis.com/auth/cloudplatformprojects.readonly","https://www.googleapis.com/auth/firebase","https://www.googleapis.com/auth/cloud-platform"]
[debug] [2026-06-28T12:26:55.392Z] > authorizing via signed-in user (golfyapp7@gmail.com)
[debug] [2026-06-28T12:26:55.393Z] Checked if tokens are valid: false, expires at: 1782498324353
[debug] [2026-06-28T12:26:55.393Z] Checked if tokens are valid: false, expires at: 1782498324353
[debug] [2026-06-28T12:26:55.393Z] > refreshing access token with scopes: []
[debug] [2026-06-28T12:26:55.395Z] >>> [apiv2][query] POST https://www.googleapis.com/oauth2/v3/token [none]
[debug] [2026-06-28T12:26:55.395Z] >>> [apiv2][body] POST https://www.googleapis.com/oauth2/v3/token [omitted]
[debug] [2026-06-28T12:26:55.625Z] <<< [apiv2][status] POST https://www.googleapis.com/oauth2/v3/token 200
[debug] [2026-06-28T12:26:55.625Z] <<< [apiv2][body] POST https://www.googleapis.com/oauth2/v3/token [omitted]
[debug] [2026-06-28T12:26:55.656Z] >>> [apiv2][query] GET https://firebase.googleapis.com/v1beta1/projects pageSize=100
[debug] [2026-06-28T12:26:56.265Z] <<< [apiv2][status] GET https://firebase.googleapis.com/v1beta1/projects 200
[debug] [2026-06-28T12:26:56.265Z] <<< [apiv2][body] GET https://firebase.googleapis.com/v1beta1/projects [omitted]
[info] 
=== Firestore Setup
[info] i  firestore: ensuring required API firestore.googleapis.com is enabled... 
[debug] [2026-06-28T12:26:59.990Z] Checked if tokens are valid: true, expires at: 1782653214625
[debug] [2026-06-28T12:26:59.990Z] Checked if tokens are valid: true, expires at: 1782653214625
[debug] [2026-06-28T12:26:59.990Z] >>> [apiv2][query] GET https://firestore.googleapis.com/v1/projects/golfeto-app/databases [none]
[debug] [2026-06-28T12:27:00.672Z] <<< [apiv2][status] GET https://firestore.googleapis.com/v1/projects/golfeto-app/databases 200
[debug] [2026-06-28T12:27:00.672Z] <<< [apiv2][body] GET https://firestore.googleapis.com/v1/projects/golfeto-app/databases {"databases":[{"name":"projects/golfeto-app/databases/(default)","uid":"831f290d-a1f1-42fd-9a13-bc24dcc9ee4e","createTime":"2026-06-12T22:16:32.009052Z","updateTime":"2026-06-12T22:16:32.009052Z","locationId":"europe-west3","type":"FIRESTORE_NATIVE","concurrencyMode":"PESSIMISTIC","versionRetentionPeriod":"3600s","earliestVersionTime":"2026-06-28T11:27:49.447138Z","appEngineIntegrationMode":"DISABLED","keyPrefix":"h","pointInTimeRecoveryEnablement":"POINT_IN_TIME_RECOVERY_DISABLED","deleteProtectionState":"DELETE_PROTECTION_DISABLED","databaseEdition":"STANDARD","freeTier":true,"realtimeUpdatesMode":"REALTIME_UPDATES_MODE_ENABLED","etag":"IIH2o8L3qZUDMKbXltmXopUD"}]}
[info] 
[info] Firestore Security Rules allow you to define how and when to allow
[info] requests. You can keep these rules in your project directory
[info] and publish them with firebase deploy.
[info] 
[debug] [2026-06-28T12:27:04.625Z] Checked if tokens are valid: true, expires at: 1782653214625
[debug] [2026-06-28T12:27:04.626Z] Checked if tokens are valid: true, expires at: 1782653214625
[debug] [2026-06-28T12:27:04.626Z] >>> [apiv2][query] GET https://firebaserules.googleapis.com/v1/projects/golfeto-app/releases pageSize=10&pageToken=
[debug] [2026-06-28T12:27:05.547Z] <<< [apiv2][status] GET https://firebaserules.googleapis.com/v1/projects/golfeto-app/releases 200
[debug] [2026-06-28T12:27:05.547Z] <<< [apiv2][body] GET https://firebaserules.googleapis.com/v1/projects/golfeto-app/releases {"releases":[{"name":"projects/golfeto-app/releases/cloud.firestore","rulesetName":"projects/golfeto-app/rulesets/750131b4-1ae6-4fd9-9137-b0f32899e18b","createTime":"2026-06-12T22:16:33.913749Z","updateTime":"2026-06-26T17:26:16.924074Z"},{"name":"projects/golfeto-app/releases/firebase.storage/golfeto-app.firebasestorage.app","rulesetName":"projects/golfeto-app/rulesets/fceceebb-4b93-4b79-9dcb-f5f3efd17d74","createTime":"2026-06-17T13:58:12.135354Z","updateTime":"2026-06-26T00:15:13.183155Z"}]}
[debug] [2026-06-28T12:27:05.557Z] Checked if tokens are valid: true, expires at: 1782653214625
[debug] [2026-06-28T12:27:05.557Z] Checked if tokens are valid: true, expires at: 1782653214625
[debug] [2026-06-28T12:27:05.557Z] >>> [apiv2][query] GET https://firebaserules.googleapis.com/v1/projects/golfeto-app/rulesets/750131b4-1ae6-4fd9-9137-b0f32899e18b [none]
[debug] [2026-06-28T12:27:06.261Z] <<< [apiv2][status] GET https://firebaserules.googleapis.com/v1/projects/golfeto-app/rulesets/750131b4-1ae6-4fd9-9137-b0f32899e18b 200
[debug] [2026-06-28T12:27:06.261Z] <<< [apiv2][body] GET https://firebaserules.googleapis.com/v1/projects/golfeto-app/rulesets/750131b4-1ae6-4fd9-9137-b0f32899e18b [omitted]
[info] i  Downloaded the existing Firestore Security Rules from the Firebase console 
[info] 
[info] Firestore indexes allow you to perform complex queries while
[info] maintaining performance that scales with the size of the result
[info] set. You can keep index definitions in your project directory
[info] and publish them with firebase deploy.
[info] 
[debug] [2026-06-28T12:27:12.441Z] Checked if tokens are valid: true, expires at: 1782653214625
[debug] [2026-06-28T12:27:12.441Z] Checked if tokens are valid: true, expires at: 1782653214625
[debug] [2026-06-28T12:27:12.441Z] Checked if tokens are valid: true, expires at: 1782653214625
[debug] [2026-06-28T12:27:12.441Z] Checked if tokens are valid: true, expires at: 1782653214625
[debug] [2026-06-28T12:27:12.441Z] >>> [apiv2][query] GET https://firestore.googleapis.com/v1/projects/golfeto-app/databases/(default)/collectionGroups/-/indexes [none]
[debug] [2026-06-28T12:27:12.443Z] >>> [apiv2][query] GET https://firestore.googleapis.com/v1/projects/golfeto-app/databases/(default)/collectionGroups/-/fields?filter=indexConfig.usesAncestorConfig=false OR ttlConfig:* [none]
[debug] [2026-06-28T12:27:12.773Z] <<< [apiv2][status] GET https://firestore.googleapis.com/v1/projects/golfeto-app/databases/(default)/collectionGroups/-/fields?filter=indexConfig.usesAncestorConfig=false OR ttlConfig:* 200
[debug] [2026-06-28T12:27:12.773Z] <<< [apiv2][body] GET https://firestore.googleapis.com/v1/projects/golfeto-app/databases/(default)/collectionGroups/-/fields?filter=indexConfig.usesAncestorConfig=false OR ttlConfig:* {"fields":[{"name":"projects/golfeto-app/databases/(default)/collectionGroups/__default__/fields/*","indexConfig":{"indexes":[{"queryScope":"COLLECTION","fields":[{"fieldPath":"*","order":"ASCENDING"}],"state":"READY"},{"queryScope":"COLLECTION","fields":[{"fieldPath":"*","order":"DESCENDING"}],"state":"READY"},{"queryScope":"COLLECTION","fields":[{"fieldPath":"*","arrayConfig":"CONTAINS"}],"state":"READY"}]}}]}
[debug] [2026-06-28T12:27:12.775Z] <<< [apiv2][status] GET https://firestore.googleapis.com/v1/projects/golfeto-app/databases/(default)/collectionGroups/-/indexes 200
[debug] [2026-06-28T12:27:12.775Z] <<< [apiv2][body] GET https://firestore.googleapis.com/v1/projects/golfeto-app/databases/(default)/collectionGroups/-/indexes {"indexes":[{"name":"projects/golfeto-app/databases/(default)/collectionGroups/rides/indexes/CICAgJim14AK","queryScope":"COLLECTION","fields":[{"fieldPath":"driverId","order":"ASCENDING"},{"fieldPath":"status","order":"ASCENDING"},{"fieldPath":"createdAt","order":"DESCENDING"},{"fieldPath":"__name__","order":"DESCENDING"}],"state":"READY","density":"SPARSE_ALL"},{"name":"projects/golfeto-app/databases/(default)/collectionGroups/drivers/indexes/CICAgOjXh4EK","queryScope":"COLLECTION","fields":[{"fieldPath":"approvalStatus","order":"ASCENDING"},{"fieldPath":"isOnline","order":"ASCENDING"},{"fieldPath":"isFree","order":"ASCENDING"},{"fieldPath":"__name__","order":"ASCENDING"}],"state":"READY","density":"SPARSE_ALL"},{"name":"projects/golfeto-app/databases/(default)/collectionGroups/rides/indexes/CICAgJjF9oIK","queryScope":"COLLECTION","fields":[{"fieldPath":"status","order":"ASCENDING"},{"fieldPath":"driverId","order":"ASCENDING"},{"fieldPath":"createdAt","order":"DESCENDING"},{"fieldPath":"__name__","order":"DESCENDING"}],"state":"READY","density":"SPARSE_ALL"},{"name":"projects/golfeto-app/databases/(default)/collectionGroups/rides/indexes/CICAgJiUpoMK","queryScope":"COLLECTION","fields":[{"fieldPath":"riderId","order":"ASCENDING"},{"fieldPath":"status","order":"ASCENDING"},{"fieldPath":"createdAt","order":"DESCENDING"},{"fieldPath":"__name__","order":"DESCENDING"}],"state":"READY","density":"SPARSE_ALL"},{"name":"projects/golfeto-app/databases/(default)/collectionGroups/earnings/indexes/CICAgJjFqZMK","queryScope":"COLLECTION","fields":[{"fieldPath":"driverId","order":"ASCENDING"},{"fieldPath":"weekStart","order":"DESCENDING"},{"fieldPath":"__name__","order":"DESCENDING"}],"state":"READY","density":"SPARSE_ALL"}]}
[info] i  Downloaded the existing Firestore indexes from the Firebase console 
[info] +  Wrote firestore.rules 
[info] +  Wrote firestore.indexes.json 
[info] 
=== Functions Setup
[debug] [2026-06-28T12:27:12.782Z] > command requires scopes: ["email","openid","https://www.googleapis.com/auth/cloudplatformprojects.readonly","https://www.googleapis.com/auth/firebase","https://www.googleapis.com/auth/cloud-platform"]
[debug] [2026-06-28T12:27:12.783Z] > authorizing via signed-in user (golfyapp7@gmail.com)
[debug] [2026-06-28T12:27:12.783Z] [iam] checking project golfeto-app for permissions ["firebase.projects.get"]
[debug] [2026-06-28T12:27:12.783Z] Checked if tokens are valid: true, expires at: 1782653214625
[debug] [2026-06-28T12:27:12.783Z] Checked if tokens are valid: true, expires at: 1782653214625
[debug] [2026-06-28T12:27:12.784Z] >>> [apiv2][query] POST https://cloudresourcemanager.googleapis.com/v1/projects/golfeto-app:testIamPermissions [none]
[debug] [2026-06-28T12:27:12.784Z] >>> [apiv2][(partial)header] POST https://cloudresourcemanager.googleapis.com/v1/projects/golfeto-app:testIamPermissions  x-goog-user-project=golfeto-app
[debug] [2026-06-28T12:27:12.784Z] >>> [apiv2][body] POST https://cloudresourcemanager.googleapis.com/v1/projects/golfeto-app:testIamPermissions {"permissions":["firebase.projects.get"]}
[debug] [2026-06-28T12:27:13.706Z] <<< [apiv2][status] POST https://cloudresourcemanager.googleapis.com/v1/projects/golfeto-app:testIamPermissions 200
[debug] [2026-06-28T12:27:13.706Z] <<< [apiv2][body] POST https://cloudresourcemanager.googleapis.com/v1/projects/golfeto-app:testIamPermissions {"permissions":["firebase.projects.get"]}
[info] Let's create a new codebase for your functions.
[info] A directory corresponding to the codebase will be created in your project
[info] with sample code pre-configured.

[info] See https://firebase.google.com/docs/functions/organize-functions for
[info] more information on organizing your functions using codebases.

[info] Functions can be deployed with firebase deploy.

[info] +  Wrote functions/.eslintrc.js 
[info] +  Wrote functions/tsconfig.dev.json 
[info] +  Wrote functions/package.json 
[info] +  Wrote functions/tsconfig.json 
[info] +  Wrote functions/src/index.ts 
[info] +  Wrote functions/.gitignore 
[info] 
=== App Hosting Setup
[debug] [2026-06-28T12:28:26.315Z] Checked if tokens are valid: true, expires at: 1782653214625
[debug] [2026-06-28T12:28:26.316Z] Checked if tokens are valid: true, expires at: 1782653214625
[debug] [2026-06-28T12:28:26.316Z] >>> [apiv2][query] GET https://serviceusage.googleapis.com/v1/projects/golfeto-app/services/cloudbilling.googleapis.com [none]
[debug] [2026-06-28T12:28:26.316Z] >>> [apiv2][(partial)header] GET https://serviceusage.googleapis.com/v1/projects/golfeto-app/services/cloudbilling.googleapis.com  x-goog-user-project=golfeto-app
[debug] [2026-06-28T12:28:27.201Z] <<< [apiv2][status] GET https://serviceusage.googleapis.com/v1/projects/golfeto-app/services/cloudbilling.googleapis.com 200
[debug] [2026-06-28T12:28:27.202Z] <<< [apiv2][body] GET https://serviceusage.googleapis.com/v1/projects/golfeto-app/services/cloudbilling.googleapis.com [omitted]
[debug] [2026-06-28T12:28:27.203Z] Checked if tokens are valid: true, expires at: 1782653214625
[debug] [2026-06-28T12:28:27.203Z] Checked if tokens are valid: true, expires at: 1782653214625
[debug] [2026-06-28T12:28:27.204Z] >>> [apiv2][query] POST https://serviceusage.googleapis.com/v1/projects/golfeto-app/services/cloudbilling.googleapis.com:enable [none]
[debug] [2026-06-28T12:28:27.204Z] >>> [apiv2][(partial)header] POST https://serviceusage.googleapis.com/v1/projects/golfeto-app/services/cloudbilling.googleapis.com:enable  x-goog-user-project=golfeto-app
[debug] [2026-06-28T12:28:28.485Z] <<< [apiv2][status] POST https://serviceusage.googleapis.com/v1/projects/golfeto-app/services/cloudbilling.googleapis.com:enable 200
[debug] [2026-06-28T12:28:28.485Z] <<< [apiv2][body] POST https://serviceusage.googleapis.com/v1/projects/golfeto-app/services/cloudbilling.googleapis.com:enable [omitted]
[debug] [2026-06-28T12:28:38.503Z] Checked if tokens are valid: true, expires at: 1782653214625
[debug] [2026-06-28T12:28:38.503Z] Checked if tokens are valid: true, expires at: 1782653214625
[debug] [2026-06-28T12:28:38.503Z] >>> [apiv2][query] GET https://cloudbilling.googleapis.com/v1/projects/golfeto-app/billingInfo [none]
[debug] [2026-06-28T12:28:38.503Z] >>> [apiv2][(partial)header] GET https://cloudbilling.googleapis.com/v1/projects/golfeto-app/billingInfo  x-goog-user-project=golfeto-app
[debug] [2026-06-28T12:28:39.305Z] <<< [apiv2][status] GET https://cloudbilling.googleapis.com/v1/projects/golfeto-app/billingInfo 200
[debug] [2026-06-28T12:28:39.305Z] <<< [apiv2][body] GET https://cloudbilling.googleapis.com/v1/projects/golfeto-app/billingInfo {"name":"projects/golfeto-app/billingInfo","projectId":"golfeto-app","billingAccountName":"billingAccounts/01A986-64A7CC-7033BC","billingEnabled":true}
[debug] [2026-06-28T12:28:39.307Z] Checked if tokens are valid: true, expires at: 1782653214625
[debug] [2026-06-28T12:28:39.308Z] Checked if tokens are valid: true, expires at: 1782653214625
[debug] [2026-06-28T12:28:39.308Z] >>> [apiv2][query] GET https://serviceusage.googleapis.com/v1/projects/golfeto-app/services/firebaseapphosting.googleapis.com [none]
[debug] [2026-06-28T12:28:39.308Z] >>> [apiv2][(partial)header] GET https://serviceusage.googleapis.com/v1/projects/golfeto-app/services/firebaseapphosting.googleapis.com  x-goog-user-project=golfeto-app
[debug] [2026-06-28T12:28:40.225Z] <<< [apiv2][status] GET https://serviceusage.googleapis.com/v1/projects/golfeto-app/services/firebaseapphosting.googleapis.com 200
[debug] [2026-06-28T12:28:40.225Z] <<< [apiv2][body] GET https://serviceusage.googleapis.com/v1/projects/golfeto-app/services/firebaseapphosting.googleapis.com [omitted]
[debug] [2026-06-28T12:28:40.225Z] Checked if tokens are valid: true, expires at: 1782653214625
[debug] [2026-06-28T12:28:40.225Z] Checked if tokens are valid: true, expires at: 1782653214625
[debug] [2026-06-28T12:28:40.225Z] >>> [apiv2][query] POST https://serviceusage.googleapis.com/v1/projects/golfeto-app/services/firebaseapphosting.googleapis.com:enable [none]
[debug] [2026-06-28T12:28:40.225Z] >>> [apiv2][(partial)header] POST https://serviceusage.googleapis.com/v1/projects/golfeto-app/services/firebaseapphosting.googleapis.com:enable  x-goog-user-project=golfeto-app
[debug] [2026-06-28T12:28:41.082Z] <<< [apiv2][status] POST https://serviceusage.googleapis.com/v1/projects/golfeto-app/services/firebaseapphosting.googleapis.com:enable 200
[debug] [2026-06-28T12:28:41.082Z] <<< [apiv2][body] POST https://serviceusage.googleapis.com/v1/projects/golfeto-app/services/firebaseapphosting.googleapis.com:enable [omitted]
[debug] [2026-06-28T12:28:51.102Z] Checked if tokens are valid: true, expires at: 1782653214625
[debug] [2026-06-28T12:28:51.102Z] Checked if tokens are valid: true, expires at: 1782653214625
[debug] [2026-06-28T12:28:51.102Z] Checked if tokens are valid: true, expires at: 1782653214625
[debug] [2026-06-28T12:28:51.102Z] Checked if tokens are valid: true, expires at: 1782653214625
[debug] [2026-06-28T12:28:51.102Z] Checked if tokens are valid: true, expires at: 1782653214625
[debug] [2026-06-28T12:28:51.103Z] Checked if tokens are valid: true, expires at: 1782653214625
[debug] [2026-06-28T12:28:51.103Z] Checked if tokens are valid: true, expires at: 1782653214625
[debug] [2026-06-28T12:28:51.103Z] Checked if tokens are valid: true, expires at: 1782653214625
[debug] [2026-06-28T12:28:51.103Z] >>> [apiv2][query] GET https://serviceusage.googleapis.com/v1/projects/golfeto-app/services/developerconnect.googleapis.com [none]
[debug] [2026-06-28T12:28:51.103Z] >>> [apiv2][(partial)header] GET https://serviceusage.googleapis.com/v1/projects/golfeto-app/services/developerconnect.googleapis.com  x-goog-user-project=golfeto-app
[debug] [2026-06-28T12:28:51.104Z] >>> [apiv2][query] GET https://serviceusage.googleapis.com/v1/projects/golfeto-app/services/secretmanager.googleapis.com [none]
[debug] [2026-06-28T12:28:51.104Z] >>> [apiv2][(partial)header] GET https://serviceusage.googleapis.com/v1/projects/golfeto-app/services/secretmanager.googleapis.com  x-goog-user-project=golfeto-app
[debug] [2026-06-28T12:28:51.106Z] >>> [apiv2][query] GET https://serviceusage.googleapis.com/v1/projects/golfeto-app/services/run.googleapis.com [none]
[debug] [2026-06-28T12:28:51.106Z] >>> [apiv2][(partial)header] GET https://serviceusage.googleapis.com/v1/projects/golfeto-app/services/run.googleapis.com  x-goog-user-project=golfeto-app
[debug] [2026-06-28T12:28:51.108Z] >>> [apiv2][query] GET https://serviceusage.googleapis.com/v1/projects/golfeto-app/services/iam.googleapis.com [none]
[debug] [2026-06-28T12:28:51.108Z] >>> [apiv2][(partial)header] GET https://serviceusage.googleapis.com/v1/projects/golfeto-app/services/iam.googleapis.com  x-goog-user-project=golfeto-app
[debug] [2026-06-28T12:28:51.958Z] <<< [apiv2][status] GET https://serviceusage.googleapis.com/v1/projects/golfeto-app/services/iam.googleapis.com 200
[debug] [2026-06-28T12:28:51.958Z] <<< [apiv2][body] GET https://serviceusage.googleapis.com/v1/projects/golfeto-app/services/iam.googleapis.com [omitted]
[debug] [2026-06-28T12:28:51.979Z] <<< [apiv2][status] GET https://serviceusage.googleapis.com/v1/projects/golfeto-app/services/run.googleapis.com 200
[debug] [2026-06-28T12:28:51.979Z] <<< [apiv2][body] GET https://serviceusage.googleapis.com/v1/projects/golfeto-app/services/run.googleapis.com [omitted]
[debug] [2026-06-28T12:28:51.992Z] <<< [apiv2][status] GET https://serviceusage.googleapis.com/v1/projects/golfeto-app/services/developerconnect.googleapis.com 200
[debug] [2026-06-28T12:28:51.992Z] <<< [apiv2][body] GET https://serviceusage.googleapis.com/v1/projects/golfeto-app/services/developerconnect.googleapis.com [omitted]
[debug] [2026-06-28T12:28:51.992Z] Checked if tokens are valid: true, expires at: 1782653214625
[debug] [2026-06-28T12:28:51.992Z] Checked if tokens are valid: true, expires at: 1782653214625
[debug] [2026-06-28T12:28:51.992Z] >>> [apiv2][query] POST https://serviceusage.googleapis.com/v1/projects/golfeto-app/services/developerconnect.googleapis.com:enable [none]
[debug] [2026-06-28T12:28:51.993Z] >>> [apiv2][(partial)header] POST https://serviceusage.googleapis.com/v1/projects/golfeto-app/services/developerconnect.googleapis.com:enable  x-goog-user-project=golfeto-app
[debug] [2026-06-28T12:28:52.048Z] <<< [apiv2][status] GET https://serviceusage.googleapis.com/v1/projects/golfeto-app/services/secretmanager.googleapis.com 200
[debug] [2026-06-28T12:28:52.048Z] <<< [apiv2][body] GET https://serviceusage.googleapis.com/v1/projects/golfeto-app/services/secretmanager.googleapis.com [omitted]
[debug] [2026-06-28T12:28:52.343Z] <<< [apiv2][status] POST https://serviceusage.googleapis.com/v1/projects/golfeto-app/services/developerconnect.googleapis.com:enable 200
[debug] [2026-06-28T12:28:52.343Z] <<< [apiv2][body] POST https://serviceusage.googleapis.com/v1/projects/golfeto-app/services/developerconnect.googleapis.com:enable [omitted]
[debug] [2026-06-28T12:29:02.375Z] Checked if tokens are valid: true, expires at: 1782653214625
[debug] [2026-06-28T12:29:02.375Z] Checked if tokens are valid: true, expires at: 1782653214625
[debug] [2026-06-28T12:29:02.376Z] >>> [apiv2][query] POST https://iam.googleapis.com/v1/projects/golfeto-app/serviceAccounts/firebase-app-hosting-compute@golfeto-app.iam.gserviceaccount.com:testIamPermissions [none]
[debug] [2026-06-28T12:29:02.376Z] >>> [apiv2][(partial)header] POST https://iam.googleapis.com/v1/projects/golfeto-app/serviceAccounts/firebase-app-hosting-compute@golfeto-app.iam.gserviceaccount.com:testIamPermissions  x-goog-user-project=golfeto-app
[debug] [2026-06-28T12:29:02.376Z] >>> [apiv2][body] POST https://iam.googleapis.com/v1/projects/golfeto-app/serviceAccounts/firebase-app-hosting-compute@golfeto-app.iam.gserviceaccount.com:testIamPermissions {"permissions":["iam.serviceAccounts.actAs"]}
[debug] [2026-06-28T12:29:03.156Z] <<< [apiv2][status] POST https://iam.googleapis.com/v1/projects/golfeto-app/serviceAccounts/firebase-app-hosting-compute@golfeto-app.iam.gserviceaccount.com:testIamPermissions 404
[debug] [2026-06-28T12:29:03.156Z] <<< [apiv2][body] POST https://iam.googleapis.com/v1/projects/golfeto-app/serviceAccounts/firebase-app-hosting-compute@golfeto-app.iam.gserviceaccount.com:testIamPermissions {"error":{"code":404,"message":"Unknown service account","status":"NOT_FOUND"}}
[debug] [2026-06-28T12:29:03.157Z] Checked if tokens are valid: true, expires at: 1782653214625
[debug] [2026-06-28T12:29:03.157Z] Checked if tokens are valid: true, expires at: 1782653214625
[debug] [2026-06-28T12:29:03.157Z] >>> [apiv2][query] POST https://iam.googleapis.com/v1/projects/golfeto-app/serviceAccounts [none]
[debug] [2026-06-28T12:29:03.157Z] >>> [apiv2][body] POST https://iam.googleapis.com/v1/projects/golfeto-app/serviceAccounts {"accountId":"firebase-app-hosting-compute","serviceAccount":{"displayName":"Firebase App Hosting compute service account","description":"Default service account used to run builds and deploys for Firebase App Hosting"}}
[debug] [2026-06-28T12:29:04.162Z] <<< [apiv2][status] POST https://iam.googleapis.com/v1/projects/golfeto-app/serviceAccounts 200
[debug] [2026-06-28T12:29:04.162Z] <<< [apiv2][body] POST https://iam.googleapis.com/v1/projects/golfeto-app/serviceAccounts [omitted]
[debug] [2026-06-28T12:29:04.163Z] Checked if tokens are valid: true, expires at: 1782653214625
[debug] [2026-06-28T12:29:04.163Z] Checked if tokens are valid: true, expires at: 1782653214625
[debug] [2026-06-28T12:29:04.163Z] >>> [apiv2][query] POST https://cloudresourcemanager.googleapis.com/v1/projects/golfeto-app:getIamPolicy [none]
[debug] [2026-06-28T12:29:04.501Z] <<< [apiv2][status] POST https://cloudresourcemanager.googleapis.com/v1/projects/golfeto-app:getIamPolicy 200
[debug] [2026-06-28T12:29:04.501Z] <<< [apiv2][body] POST https://cloudresourcemanager.googleapis.com/v1/projects/golfeto-app:getIamPolicy {"version":1,"etag":"BwZVBymuYIE=","bindings":[{"role":"roles/artifactregistry.serviceAgent","members":["serviceAccount:service-320279569360@gcp-sa-artifactregistry.iam.gserviceaccount.com"]},{"role":"roles/cloudbuild.builds.builder","members":["serviceAccount:320279569360@cloudbuild.gserviceaccount.com"]},{"role":"roles/cloudbuild.serviceAgent","members":["serviceAccount:service-320279569360@gcp-sa-cloudbuild.iam.gserviceaccount.com"]},{"role":"roles/cloudfunctions.serviceAgent","members":["serviceAccount:service-320279569360@gcf-admin-robot.iam.gserviceaccount.com"]},{"role":"roles/containerregistry.ServiceAgent","members":["serviceAccount:service-320279569360@containerregistry.iam.gserviceaccount.com"]},{"role":"roles/editor","members":["serviceAccount:320279569360-compute@developer.gserviceaccount.com","serviceAccount:320279569360@cloudservices.gserviceaccount.com","serviceAccount:golfeto-app@appspot.gserviceaccount.com"]},{"role":"roles/eventarc.eventReceiver","members":["serviceAccount:320279569360-compute@developer.gserviceaccount.com"]},{"role":"roles/eventarc.serviceAgent","members":["serviceAccount:service-320279569360@gcp-sa-eventarc.iam.gserviceaccount.com"]},{"role":"roles/firebase.managementServiceAgent","members":["serviceAccount:service-320279569360@gcp-sa-firebase.iam.gserviceaccount.com"]},{"role":"roles/firebaseauth.admin","members":["serviceAccount:firebase-adminsdk-fbsvc@golfeto-app.iam.gserviceaccount.com"]},{"role":"roles/firebasedatabase.admin","members":["serviceAccount:firebase-adminsdk-fbsvc@golfeto-app.iam.gserviceaccount.com"]},{"role":"roles/firebasemods.serviceAgent","members":["serviceAccount:service-320279569360@gcp-sa-firebasemods.iam.gserviceaccount.com"]},{"role":"roles/firebaserules.system","members":["serviceAccount:service-320279569360@firebase-rules.iam.gserviceaccount.com"]},{"role":"roles/firebasestorage.serviceAgent","members":["serviceAccount:service-320279569360@gcp-sa-firebasestorage.iam.gserviceaccount.com"]},{"role":"roles/firestore.serviceAgent","members":["serviceAccount:service-320279569360@gcp-sa-firestore.iam.gserviceaccount.com"]},{"role":"roles/iam.serviceAccountTokenCreator","members":["serviceAccount:service-320279569360@gcp-sa-pubsub.iam.gserviceaccount.com"]},{"role":"roles/owner","members":["user:golfyapp7@gmail.com"]},{"role":"roles/pubsub.serviceAgent","members":["serviceAccount:service-320279569360@gcp-sa-pubsub.iam.gserviceaccount.com"]},{"role":"roles/run.invoker","members":["serviceAccount:320279569360-compute@developer.gserviceaccount.com"]},{"role":"roles/run.serviceAgent","members":["serviceAccount:service-320279569360@serverless-robot-prod.iam.gserviceaccount.com"]},{"role":"roles/storage.admin","members":["serviceAccount:firebase-adminsdk-fbsvc@golfeto-app.iam.gserviceaccount.com"]}]}
[debug] [2026-06-28T12:29:04.502Z] Checked if tokens are valid: true, expires at: 1782653214625
[debug] [2026-06-28T12:29:04.502Z] Checked if tokens are valid: true, expires at: 1782653214625
[debug] [2026-06-28T12:29:04.502Z] >>> [apiv2][query] POST https://cloudresourcemanager.googleapis.com/v1/projects/golfeto-app:setIamPolicy [none]
[debug] [2026-06-28T12:29:04.502Z] >>> [apiv2][body] POST https://cloudresourcemanager.googleapis.com/v1/projects/golfeto-app:setIamPolicy {"policy":{"version":1,"etag":"BwZVBymuYIE=","bindings":[{"role":"roles/artifactregistry.serviceAgent","members":["serviceAccount:service-320279569360@gcp-sa-artifactregistry.iam.gserviceaccount.com"]},{"role":"roles/cloudbuild.builds.builder","members":["serviceAccount:320279569360@cloudbuild.gserviceaccount.com"]},{"role":"roles/cloudbuild.serviceAgent","members":["serviceAccount:service-320279569360@gcp-sa-cloudbuild.iam.gserviceaccount.com"]},{"role":"roles/cloudfunctions.serviceAgent","members":["serviceAccount:service-320279569360@gcf-admin-robot.iam.gserviceaccount.com"]},{"role":"roles/containerregistry.ServiceAgent","members":["serviceAccount:service-320279569360@containerregistry.iam.gserviceaccount.com"]},{"role":"roles/editor","members":["serviceAccount:320279569360-compute@developer.gserviceaccount.com","serviceAccount:320279569360@cloudservices.gserviceaccount.com","serviceAccount:golfeto-app@appspot.gserviceaccount.com"]},{"role":"roles/eventarc.eventReceiver","members":["serviceAccount:320279569360-compute@developer.gserviceaccount.com"]},{"role":"roles/eventarc.serviceAgent","members":["serviceAccount:service-320279569360@gcp-sa-eventarc.iam.gserviceaccount.com"]},{"role":"roles/firebase.managementServiceAgent","members":["serviceAccount:service-320279569360@gcp-sa-firebase.iam.gserviceaccount.com"]},{"role":"roles/firebaseauth.admin","members":["serviceAccount:firebase-adminsdk-fbsvc@golfeto-app.iam.gserviceaccount.com"]},{"role":"roles/firebasedatabase.admin","members":["serviceAccount:firebase-adminsdk-fbsvc@golfeto-app.iam.gserviceaccount.com"]},{"role":"roles/firebasemods.serviceAgent","members":["serviceAccount:service-320279569360@gcp-sa-firebasemods.iam.gserviceaccount.com"]},{"role":"roles/firebaserules.system","members":["serviceAccount:service-320279569360@firebase-rules.iam.gserviceaccount.com"]},{"role":"roles/firebasestorage.serviceAgent","members":["serviceAccount:service-320279569360@gcp-sa-firebasestorage.iam.gserviceaccount.com"]},{"role":"roles/firestore.serviceAgent","members":["serviceAccount:service-320279569360@gcp-sa-firestore.iam.gserviceaccount.com"]},{"role":"roles/iam.serviceAccountTokenCreator","members":["serviceAccount:service-320279569360@gcp-sa-pubsub.iam.gserviceaccount.com"]},{"role":"roles/owner","members":["user:golfyapp7@gmail.com"]},{"role":"roles/pubsub.serviceAgent","members":["serviceAccount:service-320279569360@gcp-sa-pubsub.iam.gserviceaccount.com"]},{"role":"roles/run.invoker","members":["serviceAccount:320279569360-compute@developer.gserviceaccount.com"]},{"role":"roles/run.serviceAgent","members":["serviceAccount:service-320279569360@serverless-robot-prod.iam.gserviceaccount.com"]},{"role":"roles/storage.admin","members":["serviceAccount:firebase-adminsdk-fbsvc@golfeto-app.iam.gserviceaccount.com"]},{"role":"roles/firebaseapphosting.computeRunner","members":["serviceAccount:firebase-app-hosting-compute@golfeto-app.iam.gserviceaccount.com"]},{"role":"roles/firebase.sdkAdminServiceAgent","members":["serviceAccount:firebase-app-hosting-compute@golfeto-app.iam.gserviceaccount.com"]},{"role":"roles/developerconnect.readTokenAccessor","members":["serviceAccount:firebase-app-hosting-compute@golfeto-app.iam.gserviceaccount.com"]},{"role":"roles/storage.objectViewer","members":["serviceAccount:firebase-app-hosting-compute@golfeto-app.iam.gserviceaccount.com"]}]},"updateMask":"bindings"}
[debug] [2026-06-28T12:29:05.662Z] <<< [apiv2][status] POST https://cloudresourcemanager.googleapis.com/v1/projects/golfeto-app:setIamPolicy 400
[debug] [2026-06-28T12:29:05.662Z] <<< [apiv2][body] POST https://cloudresourcemanager.googleapis.com/v1/projects/golfeto-app:setIamPolicy {"error":{"code":400,"message":"Service account firebase-app-hosting-compute@golfeto-app.iam.gserviceaccount.com does not exist.","status":"INVALID_ARGUMENT"}}
[warn] !  Your App Hosting compute service account is still being provisioned in the background. If you encounter an error, please try again after a few moments. 
[info] i  This command links your local project to Firebase App Hosting. You will be able to deploy your web app with `firebase deploy` after setup. 
[debug] [2026-06-28T12:29:10.774Z] Checked if tokens are valid: true, expires at: 1782653214625
[debug] [2026-06-28T12:29:10.774Z] Checked if tokens are valid: true, expires at: 1782653214625
[debug] [2026-06-28T12:29:10.774Z] >>> [apiv2][query] GET https://firebaseapphosting.googleapis.com/v1beta/projects/golfeto-app/locations/-/backends 
[debug] [2026-06-28T12:29:11.454Z] <<< [apiv2][status] GET https://firebaseapphosting.googleapis.com/v1beta/projects/golfeto-app/locations/-/backends 200
[debug] [2026-06-28T12:29:11.454Z] <<< [apiv2][body] GET https://firebaseapphosting.googleapis.com/v1beta/projects/golfeto-app/locations/-/backends {}
[debug] [2026-06-28T12:29:23.935Z] ExitPromptError: User force closed the prompt with SIGINT
    at Interface.sigint (C:\Users\AdminLocal\AppData\Roaming\npm\node_modules\firebase-tools\node_modules\@inquirer\core\dist\commonjs\lib\create-prompt.js:101:37)
    at Interface.emit (node:events:519:28)
    at [_ttyWrite] [as _ttyWrite] (node:internal/readline/interface:1128:18)
    at ReadStream.onkeypress (node:internal/readline/interface:271:20)
    at ReadStream.emit (node:events:531:35)
    at emitKeys (node:internal/readline/utils:370:14)
    at emitKeys.next (<anonymous>)
    at ReadStream.onData (node:internal/readline/emitKeypressEvents:64:36)
    at ReadStream.emit (node:events:519:28)
    at addChunk (node:internal/streams/readable:561:12)
[error] 
[error] Error: An unexpected error has occurred.
